{
    "check_box": {
        "next": 1642656664,
        "local": "01/19/2022 22:31:04"
    },
    "explore_drag": {
        "next": 1642656938,
        "local": "01/19/2022 22:35:38"
    },
    "sell_quick_box": {
        "next": 1642656684,
        "local": "01/19/2022 22:31:24"
    },
    "trade": {
        "next": 1642655703,
        "local": "01/19/2022 22:15:03"
    },
    "get_taven": {
        "next": 1642658221,
        "local": "01/19/2022 22:57:01"
    },
    "expeditions": {
        "next": 1642658772,
        "local": "01/19/2022 23:06:12"
    },
    "get_vip_box": {}
}